Performing C SOURCE FILE Test CMAKE_HAVE_LIBC_PTHREAD failed with the following output:
Change Dir: /home/zarak/catkin_ws/build/CMakeFiles/CMakeTmp

Run Build Command(s):/usr/bin/make cmTC_da18f/fast && /usr/bin/make -f CMakeFiles/cmTC_da18f.dir/build.make CMakeFiles/cmTC_da18f.dir/build
make[1]: Entering directory '/home/zarak/catkin_ws/build/CMakeFiles/CMakeTmp'
Building C object CMakeFiles/cmTC_da18f.dir/src.c.o
/usr/bin/cc   -DCMAKE_HAVE_LIBC_PTHREAD   -o CMakeFiles/cmTC_da18f.dir/src.c.o   -c /home/zarak/catkin_ws/build/CMakeFiles/CMakeTmp/src.c
Linking C executable cmTC_da18f
/usr/bin/cmake -E cmake_link_script CMakeFiles/cmTC_da18f.dir/link.txt --verbose=1
/usr/bin/cc  -DCMAKE_HAVE_LIBC_PTHREAD    -rdynamic CMakeFiles/cmTC_da18f.dir/src.c.o  -o cmTC_da18f 
/usr/bin/ld: CMakeFiles/cmTC_da18f.dir/src.c.o: in function `main':
src.c:(.text+0x46): undefined reference to `pthread_create'
/usr/bin/ld: src.c:(.text+0x52): undefined reference to `pthread_detach'
/usr/bin/ld: src.c:(.text+0x63): undefined reference to `pthread_join'
collect2: error: ld returned 1 exit status
make[1]: *** [CMakeFiles/cmTC_da18f.dir/build.make:87: cmTC_da18f] Error 1
make[1]: Leaving directory '/home/zarak/catkin_ws/build/CMakeFiles/CMakeTmp'
make: *** [Makefile:121: cmTC_da18f/fast] Error 2


Source file was:
#include <pthread.h>

void* test_func(void* data)
{
  return data;
}

int main(void)
{
  pthread_t thread;
  pthread_create(&thread, NULL, test_func, NULL);
  pthread_detach(thread);
  pthread_join(thread, NULL);
  pthread_atfork(NULL, NULL, NULL);
  pthread_exit(NULL);

  return 0;
}

Determining if the function pthread_create exists in the pthreads failed with the following output:
Change Dir: /home/zarak/catkin_ws/build/CMakeFiles/CMakeTmp

Run Build Command(s):/usr/bin/make cmTC_22084/fast && /usr/bin/make -f CMakeFiles/cmTC_22084.dir/build.make CMakeFiles/cmTC_22084.dir/build
make[1]: Entering directory '/home/zarak/catkin_ws/build/CMakeFiles/CMakeTmp'
Building C object CMakeFiles/cmTC_22084.dir/CheckFunctionExists.c.o
/usr/bin/cc   -DCHECK_FUNCTION_EXISTS=pthread_create   -o CMakeFiles/cmTC_22084.dir/CheckFunctionExists.c.o   -c /usr/share/cmake-3.16/Modules/CheckFunctionExists.c
Linking C executable cmTC_22084
/usr/bin/cmake -E cmake_link_script CMakeFiles/cmTC_22084.dir/link.txt --verbose=1
/usr/bin/cc  -DCHECK_FUNCTION_EXISTS=pthread_create    -rdynamic CMakeFiles/cmTC_22084.dir/CheckFunctionExists.c.o  -o cmTC_22084  -lpthreads 
/usr/bin/ld: cannot find -lpthreads
collect2: error: ld returned 1 exit status
make[1]: *** [CMakeFiles/cmTC_22084.dir/build.make:87: cmTC_22084] Error 1
make[1]: Leaving directory '/home/zarak/catkin_ws/build/CMakeFiles/CMakeTmp'
make: *** [Makefile:121: cmTC_22084/fast] Error 2



Determining if the function sgemm_ exists failed with the following output:
Change Dir: /home/zarak/catkin_ws/build/CMakeFiles/CMakeTmp

Run Build Command(s):/usr/bin/make cmTC_1f50c/fast && /usr/bin/make -f CMakeFiles/cmTC_1f50c.dir/build.make CMakeFiles/cmTC_1f50c.dir/build
make[1]: Entering directory '/home/zarak/catkin_ws/build/CMakeFiles/CMakeTmp'
Building C object CMakeFiles/cmTC_1f50c.dir/CheckFunctionExists.c.o
/usr/bin/cc   -DCHECK_FUNCTION_EXISTS=sgemm_   -o CMakeFiles/cmTC_1f50c.dir/CheckFunctionExists.c.o   -c /usr/share/cmake-3.16/Modules/CheckFunctionExists.c
Linking C executable cmTC_1f50c
/usr/bin/cmake -E cmake_link_script CMakeFiles/cmTC_1f50c.dir/link.txt --verbose=1
/usr/bin/cc  -DCHECK_FUNCTION_EXISTS=sgemm_    CMakeFiles/cmTC_1f50c.dir/CheckFunctionExists.c.o  -o cmTC_1f50c 
/usr/bin/ld: CMakeFiles/cmTC_1f50c.dir/CheckFunctionExists.c.o: in function `main':
CheckFunctionExists.c:(.text+0x14): undefined reference to `sgemm_'
collect2: error: ld returned 1 exit status
make[1]: *** [CMakeFiles/cmTC_1f50c.dir/build.make:87: cmTC_1f50c] Error 1
make[1]: Leaving directory '/home/zarak/catkin_ws/build/CMakeFiles/CMakeTmp'
make: *** [Makefile:121: cmTC_1f50c/fast] Error 2



Determining if the function cheev_ exists failed with the following output:
Change Dir: /home/zarak/catkin_ws/build/CMakeFiles/CMakeTmp

Run Build Command(s):/usr/bin/make cmTC_a6d6b/fast && /usr/bin/make -f CMakeFiles/cmTC_a6d6b.dir/build.make CMakeFiles/cmTC_a6d6b.dir/build
make[1]: Entering directory '/home/zarak/catkin_ws/build/CMakeFiles/CMakeTmp'
Building C object CMakeFiles/cmTC_a6d6b.dir/CheckFunctionExists.c.o
/usr/bin/cc   -DCHECK_FUNCTION_EXISTS=cheev_   -o CMakeFiles/cmTC_a6d6b.dir/CheckFunctionExists.c.o   -c /usr/share/cmake-3.16/Modules/CheckFunctionExists.c
Linking C executable cmTC_a6d6b
/usr/bin/cmake -E cmake_link_script CMakeFiles/cmTC_a6d6b.dir/link.txt --verbose=1
/usr/bin/cc  -DCHECK_FUNCTION_EXISTS=cheev_    CMakeFiles/cmTC_a6d6b.dir/CheckFunctionExists.c.o  -o cmTC_a6d6b  /usr/lib/x86_64-linux-gnu/libblas.so 
/usr/bin/ld: CMakeFiles/cmTC_a6d6b.dir/CheckFunctionExists.c.o: in function `main':
CheckFunctionExists.c:(.text+0x14): undefined reference to `cheev_'
collect2: error: ld returned 1 exit status
make[1]: *** [CMakeFiles/cmTC_a6d6b.dir/build.make:88: cmTC_a6d6b] Error 1
make[1]: Leaving directory '/home/zarak/catkin_ws/build/CMakeFiles/CMakeTmp'
make: *** [Makefile:121: cmTC_a6d6b/fast] Error 2



Determining if the min exist failed with the following output:
Change Dir: /home/zarak/catkin_ws/build/CMakeFiles/CMakeTmp

Run Build Command(s):/usr/bin/make cmTC_c6765/fast && /usr/bin/make -f CMakeFiles/cmTC_c6765.dir/build.make CMakeFiles/cmTC_c6765.dir/build
make[1]: Entering directory '/home/zarak/catkin_ws/build/CMakeFiles/CMakeTmp'
Building C object CMakeFiles/cmTC_c6765.dir/CheckSymbolExists.c.o
/usr/bin/cc    -o CMakeFiles/cmTC_c6765.dir/CheckSymbolExists.c.o   -c /home/zarak/catkin_ws/build/CMakeFiles/CMakeTmp/CheckSymbolExists.c
/home/zarak/catkin_ws/build/CMakeFiles/CMakeTmp/CheckSymbolExists.c:2:10: fatal error: Windows.h: No such file or directory
    2 | #include <Windows.h>
      |          ^~~~~~~~~~~
compilation terminated.
make[1]: *** [CMakeFiles/cmTC_c6765.dir/build.make:66: CMakeFiles/cmTC_c6765.dir/CheckSymbolExists.c.o] Error 1
make[1]: Leaving directory '/home/zarak/catkin_ws/build/CMakeFiles/CMakeTmp'
make: *** [Makefile:121: cmTC_c6765/fast] Error 2


File /home/zarak/catkin_ws/build/CMakeFiles/CMakeTmp/CheckSymbolExists.c:
/* */
#include <Windows.h>

int main(int argc, char** argv)
{
  (void)argv;
#ifndef min
  return ((int*)(&min))[argc];
#else
  (void)argc;
  return 0;
#endif
}
